[35m[Appium][39m Welcome to Appium v1.18.1
[35m[Appium][39m Non-default server args:
[35m[Appium][39m   port: 54410
[35m[Appium][39m   loglevel: info
[35m[Appium][39m   tmpDir: /var/folders/1h/6cfvzj5j6bs5yygxg755x4nw0000gn/T//Katalon/Appium/Temp1600664135442
[35m[Appium][39m   chromedriverPort: 54412
[35m[Appium][39m Deprecated server args:
[35m[Appium][39m   [31m--chromedriver-port[39m => --default-capabilities '{"chromedriverPort":54412}'
[35m[Appium][39m Default capabilities, which will be added to each request unless overridden by desired capabilities:
[35m[Appium][39m   chromedriverPort: 54412
[35m[Appium][39m Appium REST http interface listener started on 0.0.0.0:54410
[35m[HTTP][39m [37m-->[39m [37mGET[39m [37m/wd/hub/status[39m
[35m[HTTP][39m [90m{}[39m
[35m[HTTP][39m [37m<-- GET /wd/hub/status [39m[32m200[39m [90m4 ms - 68[39m
[35m[HTTP][39m [90m[39m
[35m[HTTP][39m [37m-->[39m [37mGET[39m [37m/wd/hub/status[39m
[35m[HTTP][39m [90m{}[39m
[35m[HTTP][39m [37m<-- GET /wd/hub/status [39m[32m200[39m [90m1 ms - 68[39m
[35m[HTTP][39m [90m[39m
[35m[HTTP][39m [37m-->[39m [37mPOST[39m [37m/wd/hub/session[39m
[35m[HTTP][39m [90m{"desiredCapabilities":{"app":"/Users/jorgecoreas/Katalon Studio/My First BDD Project - MOBILE/androidapp/Sample_Notepad.apk","noReset":true,"deviceName":"emulator-5554 (sdk_gphone_x86_64_arm64 - Android 11)","fullReset":false,"platform":"ANDROID","newCommandTimeout":1800,"platformVersion":"11","automationName":"uiautomator2","autoGrantPermissions":true,"platformName":"Android","udid":"emulator-5554","systemPort":54420},"capabilities":{"firstMatch":[{"appium:app":"/Users/jorgecoreas/Katalon Studio/My First BDD Project - MOBILE/androidapp/Sample_Notepad.apk","appium:autoGrantPermissions":true,"appium:automationName":"uiautomator2","appium:deviceName":"emulator-5554 (sdk_gphone_x86_64_arm64 - Android 11)","appium:fullReset":false,"appium:newCommandTimeout":1800,"appium:noReset":true,"platform":"ANDROID","platformName":"android","appium:platformVersion":"11","appium:systemPort":54420,"appium:udid":"emulator-5554"}]}}[39m
[35m[BaseDriver][39m The following capabilities are not standard capabilities and should have an extension prefix:
[35m[BaseDriver][39m   platform
[35m[BaseDriver][39m   chromedriverPort
[35m[Appium][39m Appium v1.18.1 creating new AndroidUiautomator2Driver (v1.56.1) session
[35m[BaseDriver][39m The following capabilities were provided, but are not recognized by Appium:
[35m[BaseDriver][39m   platform
[35m[BaseDriver][39m Session created with session id: 8f2efe6c-5064-418e-b9d4-69d707b1e151
[35m[BaseDriver][39m Using local app '/Users/jorgecoreas/Katalon Studio/My First BDD Project - MOBILE/androidapp/Sample_Notepad.apk'
[35m[ADB][39m Found 1 'build-tools' folders under '/Users/jorgecoreas/.katalon/tools/android_sdk' (newest first):
[35m[ADB][39m     /Users/jorgecoreas/.katalon/tools/android_sdk/build-tools/29.0.3
[35m[ADB][39m Using 'adb' from '/Users/jorgecoreas/.katalon/tools/android_sdk/platform-tools/adb'
[35m[AndroidDriver][39m Retrieving device list
[35m[AndroidDriver][39m Using device: emulator-5554
[35m[ADB][39m Using 'adb' from '/Users/jorgecoreas/.katalon/tools/android_sdk/platform-tools/adb'
[35m[ADB][39m Getting device platform version
[35m[UiAutomator2][39m Relaxing hidden api policy
[35m[ADB][39m Package name: 'com.atomczak.notepat'
[35m[ADB][39m Main activity name: 'com.atomczak.notepat.MainActivity'
[35m[ADB][39m Using 'apksigner.jar' from '/Users/jorgecoreas/.katalon/tools/android_sdk/build-tools/29.0.3/lib/apksigner.jar'
[35m[UiAutomator2][39m Server packages are not going to be (re)installed
[35m[UiAutomator2][39m Starting UIAutomator2 server 4.12.2
[35m[UiAutomator2][39m Using UIAutomator2 server from '/usr/local/lib/node_modules/appium/node_modules/appium-uiautomator2-server/apks/a[35m[Appium][39m Received SIGTERM - shutting down
 '/usr/local/lib/node_modules/appium/node_modules/appium-uiautomator2-server/apks/appium-uiautomator2-server-debug-androidTest.apk'
[35m[UiAutomator2][39m Waiting up to 30000ms for UiAutomator2 to be online...
[35m[WD Proxy][39m socket hang up
[35m[WD Proxy][39m Determined the downstream protocol as 'W3C'
[35m[AndroidDriver][39m Screen already unlocked, doing nothing
[35m[UiAutomator2][39m Starting 'com.atomczak.notepat/com.atomczak.notepat.MainActivity and waiting for 'com.atomczak.notepat/com.atomczak.notepat.MainActivity'
[35m[Appium][39m New AndroidUiautomator2Driver session created successfully, session 8f2efe6c-5064-418e-b9d4-69d707b1e151 added to master session list
[35m[HTTP][39m [37m<-- POST /wd/hub/session [39m[32m200[39m [90m5633 ms - 1381[39m
[35[35m[Appium][39m Received SIGTERM - shutting down
9m [37mGET[39m [37m/wd/hub/session/8f2efe6c-5064-418e-b9d4-69d707b1e151[39m
[35m[HTTP][39m [90m{}[39m
[35m[HTTP][39m [37m<-- GET /wd/hub/session/8f2efe6c-5064-418e-b9d4-69d707b1e151 [39m[32m200[39m [90m13 ms - 1335[39m
[35m[HTTP][39m [90m[39m[35m[Appium][39m Received SIGTERM - shutting down
ed SIGTERM - shutting down
4-418e-b9d4-69d707b1e151[39m
[35m[HTTP][39m [90m{}[39m
[35m[HTTP][39m [37m<-- GET /wd/hub/session/8f2efe6c-5064-418e-b9d4-69d707b1e151 [39m[32m200[39m [90m10 ms - 1335[35m[Appium][39m Received SIGTERM - shutting down
[37m-->[39m [37mGET[39m [37m/wd/hub/status[39m
[35m[HTTP][39m [90m{}[39m
[35m[HTTP][39m [37m<-- GET /wd/hub/status [39m[32m200[39m [90m1 ms - 68[39m
[35m[HTTP][39m [90m[39m
[35m[HTTP][39m [37m-->[39m [37mPOST[39m [37m/wd/hub/session/8f2efe6c-5064-418e-b9d4-69d707b1e151/timeouts[39m
[35m[HTTP][39m [90m{"implicit":60000}[39m
[35m[HTTP][39m [37m<-- POST /wd/hub/session/8f2efe6c-5064-418e-b9d4-69d707b1e151/timeouts [39m[32m200[39m [90m2 ms - 14[39m
[35m[HTTP][39m [90m[39m
[35m[HTTP][39m [37m-->[39m [37mGET[39m [37m/wd/hub/session/8f2efe6c-5064-418e-b9d4-69d707b1e151/source[39m
[35m[HTTP][39m [90m{}[39m
[35m[W3C (8f2efe6c)][39m[35m[Appium][39m Received SIGTERM - shutting down
oxy
[35m[WD Proxy][39m Replacing sessionId a6b9eb76-4200-4272-8e26-63db0914efc0 with 8f2efe6c-5064-418e-b9d4-69d707b1e151
[35m[HTTP][39m [37m<-- GET /wd/hub/session/8f2efe6c-5064-418e-b9d4-69d707b1e151/source [39m[32m200[39m [90m441 ms - 15000[39m
[35m[HTTP][39m [90m[39m
[35m[HTTP][39m [37m-->[39m [37mGET[39m [37m/wd/hub/session/8f2efe6c-5064-418e-b9d4-69d707b1e151/screenshot[39m
[35m[HTTP][39m [90m{}[39m
[35m[HTTP][39m [37m<-- GET /wd/hub/session/8f2efe6c-5064-418e-b9d4-69d707b1e151/screenshot [39m[32m200[39m [90m130 ms - 76916[39m
[35m[HTTP][39m [90m[39m
[35m[HTTP][39m [37m-->[39m [37mDELETE[39m [37m/wd/hub/session/8f2efe6c-5064-418e-b9d4-69d707b1e151[39m
[35m[HTTP][39m [90m{}[39m
[35m[Appium][39m Removing session 8f2efe6c-5064-418e-b9d4-69d707b1e151 from our master session list
[35m[UiAutomator2][39m Restoring hidden api policy to the device default configuration
[35m[HTTP][39m [37m<-- DELETE /wd/hub/session/8f2efe6c-5064-418e-b9d4-69d707b1e151 [39m[32m200[39m [90m234 ms - 14[39m
[35m[HTTP][39m [90m[39m
